<?xml version="1.0" encoding="UTF-8"?>
<!-- Generated by org.testng.reporters.JUnitReportReporter -->
<testsuite skipped="0" hostname="Silvana" name="com.itacademy.tests.cloud.FolderTest" tests="2" failures="0" timestamp="2020-02-14T20:15:49 EET" time="6.209" errors="0">
  <testcase name="deletingFolderTest" time="2.978" classname="com.itacademy.tests.cloud.FolderTest"/>
  <system-out/>
  <testcase name="creatingFolderTest" time="3.231" classname="com.itacademy.tests.cloud.FolderTest"/>
  <system-out/>
</testsuite> <!-- com.itacademy.tests.cloud.FolderTest -->
