<?xml version="1.0" encoding="UTF-8"?>
<!-- Generated by org.testng.reporters.JUnitReportReporter -->
<testsuite skipped="0" hostname="Silvana" name="com.itacademy.tests.LoginTest" tests="2" failures="0" timestamp="2020-02-07T10:26:20 EET" time="9.182" errors="0">
  <testcase name="loginToMailTest" time="6.917" classname="com.itacademy.tests.LoginTest"/>
  <system-out/>
  <testcase name="negativeLoginToMailTest" time="2.265" classname="com.itacademy.tests.LoginTest"/>
  <system-out/>
</testsuite> <!-- com.itacademy.tests.LoginTest -->
