<?xml version="1.0" encoding="UTF-8"?>
<!-- Generated by org.testng.reporters.JUnitReportReporter -->
<testsuite skipped="0" hostname="Silvana" name="com.itacademy.tests.cloud.FileTest" tests="2" failures="0" timestamp="2020-02-12T17:04:05 EET" time="7.771" errors="0">
  <testcase name="uploadingFileTest" time="3.197" classname="com.itacademy.tests.cloud.FileTest"/>
  <system-out/>
  <testcase name="dragAndDropFileTest" time="4.574" classname="com.itacademy.tests.cloud.FileTest"/>
  <system-out/>
</testsuite> <!-- com.itacademy.tests.cloud.FileTest