<?xml version="1.0" encoding="UTF-8"?>
<!-- Generated by org.testng.reporters.JUnitReportReporter -->
<testsuite skipped="0" hostname="Silvana" name="com.itacademy.tests.cloud.LoginTest" tests="1" failures="0" timestamp="2020-02-12T12:22:47 EET" time="3.824" errors="0">
  <testcase name="loginToCloudTest" time="3.824" classname="com.itacademy.tests.cloud.LoginTest"/>
  <system-out/>
</testsuite> <!-- com.itacademy.tests.cloud.LoginTest