<?xml version="1.0" encoding="UTF-8"?>
<!-- Generated by org.testng.reporters.JUnitReportReporter -->
<testsuite skipped="0" hostname="Silvana" name="com.itacademy.tests.mail.SendingMailTest" tests="2" failures="0" timestamp="2020-02-11T19:53:55 EET" time="16.365" errors="0">
  <testcase name="sentMailAppearedInSentTabTest" time="16.217" classname="com.itacademy.tests.mail.SendingMailTest"/>
  <system-out/>
  <testcase name="sentMailAppearedInIncomingTabTest" time="0.148" classname="com.itacademy.tests.mail.SendingMailTest"/>
  <system-out/>
</testsuite> <!-- com.itacademy.tests.mail.SendingMailTest -->
