<?xml version="1.0" encoding="UTF-8"?>
<!-- Generated by org.testng.reporters.JUnitReportReporter -->
<testsuite skipped="0" hostname="Silvana" name="com.itacademy.tests.mail.LoginTest" tests="2" failures="0" timestamp="2020-02-14T19:09:25 EET" time="9.061" errors="0">
  <testcase name="negativeLoginToMailTest" time="2.320" classname="com.itacademy.tests.mail.LoginTest"/>
  <system-out/>
  <testcase name="loginToMailTest" time="6.741" classname="com.itacademy.tests.mail.LoginTest"/>
  <system-out/>
</testsuite> <!-- com.itacademy.tests.mail.LoginTest -->
