<?xml version="1.0" encoding="UTF-8"?>
<!-- Generated by org.testng.reporters.JUnitReportReporter -->
<testsuite skipped="0" hostname="DESKTOP-9QT2VMR" name="com.itacademy.tests.cloud.CloudShareTest" tests="1" failures="0" timestamp="2020-02-13T21:30:30 MSK" time="3.910" errors="0">
  <testcase name="sharingElementTest" time="3.910" classname="com.itacademy.tests.cloud.CloudShareTest"/>
  <system-out/>
</testsuite> <!-- com.itacademy.tests.cloud.CloudShareTest -->
