<?xml version="1.0" encoding="UTF-8"?>
<!-- Generated by org.testng.reporters.JUnitReportReporter -->
<testsuite skipped="0" hostname="Silvana" name="com.itacademy.tests.mail.SendingNotFullMailTest" tests="3" failures="0" timestamp="2020-02-11T19:53:55 EET" time="29.120" errors="0">
  <testcase name="negativeMailTest" time="6.064" classname="com.itacademy.tests.mail.SendingNotFullMailTest"/>
  <system-out/>
  <testcase name="sentNotFullMailAppearedInSentTabTest" time="22.849" classname="com.itacademy.tests.mail.SendingNotFullMailTest"/>
  <system-out/>
  <testcase name="sentMailAppearedInIncomingTabTest" time="0.207" classname="com.itacademy.tests.mail.SendingNotFullMailTest"/>
  <system-out/>
</testsuite> <!-- com.itacademy.tests.mail.SendingNotFullMailTest -->
