<?xml version="1.0" encoding="UTF-8"?>
<!-- Generated by org.testng.reporters.JUnitReportReporter -->
<testsuite skipped="0" hostname="Silvana" name="com.itacademy.tests.SendingNotFullMailTest" tests="3" failures="0" timestamp="2020-02-07T10:26:20 EET" time="21.034" errors="0">
  <testcase name="negativeMailTest" time="6.019" classname="com.itacademy.tests.SendingNotFullMailTest"/>
  <system-out/>
  <testcase name="sentNotFullMailAppearedInSentTabTest" time="14.861" classname="com.itacademy.tests.SendingNotFullMailTest"/>
  <system-out/>
  <testcase name="sentMailAppearedInIncomingTabTest" time="0.154" classname="com.itacademy.tests.SendingNotFullMailTest"/>
  <system-out/>
</testsuite> <!-- com.itacademy.tests.SendingNotFullMailTest -->
