<?xml version="1.0" encoding="UTF-8"?>
<!-- Generated by org.testng.reporters.JUnitReportReporter -->
<testsuite skipped="0" hostname="Silvana" name="com.itacademy.tests.DraftMailTest" tests="2" failures="0" timestamp="2020-02-07T10:26:20 EET" time="2.508" errors="0">
  <testcase name="deletedDraftMailAppearedInDeletedTabTest" time="1.989" classname="com.itacademy.tests.DraftMailTest"/>
  <system-out/>
  <testcase name="deletedFromDeletedTabMailCompletelyGone" time="0.519" classname="com.itacademy.tests.DraftMailTest"/>
  <system-out/>
</testsuite> <!-- com.itacademy.tests.DraftMailTest -->
