<?xml version="1.0" encoding="UTF-8"?>
<!-- Generated by org.testng.reporters.JUnitReportReporter -->
<testsuite skipped="0" hostname="Silvana" name="com.itacademy.tests.SendingMailTest" tests="2" failures="0" timestamp="2020-02-07T10:26:20 EET" time="19.854" errors="0">
  <testcase name="sentMailAppearedInSentTabTest" time="19.705" classname="com.itacademy.tests.SendingMailTest"/>
  <system-out/>
  <testcase name="sentMailAppearedInIncomingTabTest" time="0.149" classname="com.itacademy.tests.SendingMailTest"/>
  <system-out/>
</testsuite> <!-- com.itacademy.tests.SendingMailTest -->
