<?xml version="1.0" encoding="UTF-8"?>
<!-- Generated by org.testng.reporters.JUnitReportReporter -->
<testsuite skipped="0" hostname="Silvana" name="com.itacademy.tests.cloud.ShareTest" tests="1" failures="0" timestamp="2020-02-14T20:15:49 EET" time="3.398" errors="0">
  <testcase name="sharingElementTest" time="3.398" classname="com.itacademy.tests.cloud.ShareTest"/>
  <system-out/>
</testsuite> <!-- com.itacademy.tests.cloud.ShareTest -->
