<?xml version="1.0" encoding="UTF-8"?>
<!-- Generated by org.testng.reporters.JUnitReportReporter -->
<testsuite skipped="0" hostname="Silvana" name="com.itacademy.tests.cloud.FileTest" tests="2" failures="0" timestamp="2020-02-14T20:15:49 EET" time="6.860" errors="0">
  <testcase name="uploadingFileTest" time="2.518" classname="com.itacademy.tests.cloud.FileTest"/>
  <system-out/>
  <testcase name="dragAndDropFileTest" time="4.342" classname="com.itacademy.tests.cloud.FileTest"/>
  <system-out/>
</testsuite> <!-- com.itacademy.tests.cloud.FileTest -->
