<?xml version="1.0" encoding="UTF-8"?>
<!-- Generated by org.testng.reporters.JUnitReportReporter -->
<testsuite skipped="0" hostname="Silvana" name="com.itacademy.tests.mail.DraftMailTest" tests="2" failures="0" timestamp="2020-02-14T19:09:25 EET" time="3.206" errors="0">
  <testcase name="deletedDraftMailAppearedInDeletedTabTest" time="2.680" classname="com.itacademy.tests.mail.DraftMailTest"/>
  <system-out/>
  <testcase name="deletedFromDeletedTabMailCompletelyGone" time="0.526" classname="com.itacademy.tests.mail.DraftMailTest"/>
  <system-out/>
</testsuite> <!-- com.itacademy.tests.mail.DraftMailTest -->
