<?xml version="1.0" encoding="UTF-8"?>
<!-- Generated by org.testng.reporters.JUnitReportReporter -->
<testsuite skipped="0" hostname="Silvana" name="com.itacademy.tests.mail.SendingNotFullMailTest" tests="3" failures="0" timestamp="2020-02-14T19:09:25 EET" time="15.914" errors="0">
  <testcase name="negativeMailTest" time="2.735" classname="com.itacademy.tests.mail.SendingNotFullMailTest"/>
  <system-out/>
  <testcase name="sentMailAppearedInIncomingTabTest" time="0.175" classname="com.itacademy.tests.mail.SendingNotFullMailTest"/>
  <system-out/>
  <testcase name="sentNotFullMailAppearedInSentTabTest" time="13.004" classname="com.itacademy.tests.mail.SendingNotFullMailTest"/>
  <system-out/>
</testsuite> <!-- com.itacademy.tests.mail.SendingNotFullMailTest -->
