<?xml version="1.0" encoding="UTF-8"?>
<!-- Generated by org.testng.reporters.JUnitReportReporter -->
<testsuite skipped="0" hostname="Silvana" name="com.itacademy.tests.cloud.CloudFolderTest" tests="2" failures="0" timestamp="2020-02-12T13:31:51 EET" time="5.009" errors="0">
  <testcase name="deletingFolderTest" time="0.371" classname="com.itacademy.tests.cloud.CloudFolderTest"/>
  <system-out/>
  <testcase name="creatingFolderTest" time="4.638" classname="com.itacademy.tests.cloud.CloudFolderTest"/>
  <system-out/>
</testsuite> <!-- com.itacademy.tests.cloud.CloudFolderTest -->
