<?xml version="1.0" encoding="UTF-8"?>
<!-- Generated by org.testng.reporters.JUnitReportReporter -->
<testsuite skipped="0" hostname="Silvana" name="com.itacademy.tests.mail.SendingMailTest" tests="2" failures="0" timestamp="2020-02-09T11:53:20 EET" time="20.044" errors="0">
  <testcase name="sentMailAppearedInSentTabTest" time="19.777" classname="com.itacademy.tests.mail.SendingMailTest"/>
  <system-out/>
  <testcase name="sentMailAppearedInIncomingTabTest" time="0.267" classname="com.itacademy.tests.mail.SendingMailTest"/>
  <system-out/>
</testsuite> <!-- com.itacademy.tests.mail.SendingMailTest -->
