<?xml version="1.0" encoding="UTF-8"?>
<!-- Generated by org.testng.reporters.JUnitReportReporter -->
<testsuite skipped="0" hostname="Silvana" name="com.itacademy.tests.mail.SendingNotFullMailTest" tests="3" failures="0" timestamp="2020-02-09T11:53:20 EET" time="18.825" errors="0">
  <testcase name="negativeMailTest" time="5.835" classname="com.itacademy.tests.mail.SendingNotFullMailTest"/>
  <system-out/>
  <testcase name="sentMailAppearedInIncomingTabTest" time="0.136" classname="com.itacademy.tests.mail.SendingNotFullMailTest"/>
  <system-out/>
  <testcase name="sentNotFullMailAppearedInSentTabTest" time="12.854" classname="com.itacademy.tests.mail.SendingNotFullMailTest"/>
  <system-out/>
</testsuite> <!-- com.itacademy.tests.mail.SendingNotFullMailTest -->
