<?xml version="1.0" encoding="UTF-8"?>
<!-- Generated by org.testng.reporters.JUnitReportReporter -->
<testsuite skipped="0" hostname="Silvana" name="com.itacademy.tests.mail.LoginTest" tests="2" failures="0" timestamp="2020-02-11T19:53:55 EET" time="8.806" errors="0">
  <testcase name="loginToMailTest" time="6.812" classname="com.itacademy.tests.mail.LoginTest"/>
  <system-out/>
  <testcase name="negativeLoginToMailTest" time="1.994" classname="com.itacademy.tests.mail.LoginTest"/>
  <system-out/>
</testsuite> <!-- com.itacademy.tests.mail.LoginTest -->
