<?xml version="1.0" encoding="UTF-8"?>
<!-- Generated by org.testng.reporters.JUnitReportReporter -->
<testsuite skipped="0" hostname="Silvana" name="com.itacademy.tests.mail.LoginTest" tests="2" failures="0" timestamp="2020-02-09T11:53:20 EET" time="9.119" errors="0">
  <testcase name="negativeLoginToMailTest" time="2.309" classname="com.itacademy.tests.mail.LoginTest"/>
  <system-out/>
  <testcase name="loginToMailTest" time="6.810" classname="com.itacademy.tests.mail.LoginTest"/>
  <system-out/>
</testsuite> <!-- com.itacademy.tests.mail.LoginTest -->
