<?xml version="1.0" encoding="UTF-8"?>
<!-- Generated by org.testng.reporters.JUnitReportReporter -->
<testsuite skipped="0" hostname="Silvana" name="com.itacademy.tests.mail.SendingMailTest" tests="2" failures="0" timestamp="2020-02-14T19:09:25 EET" time="10.210" errors="0">
  <testcase name="sentMailAppearedInIncomingTabTest" time="0.146" classname="com.itacademy.tests.mail.SendingMailTest"/>
  <system-out/>
  <testcase name="sentMailAppearedInSentTabTest" time="10.064" classname="com.itacademy.tests.mail.SendingMailTest"/>
  <system-out/>
</testsuite> <!-- com.itacademy.tests.mail.SendingMailTest -->
